\BOOKMARK [0][-]{chapter.1}{Enabling Ontology-based Access to Streaming Data Sources}{}
\BOOKMARK [1][-]{section*.1}{Jean-Paul Calbimonte1, Oscar Corcho1, and Alasdair J G Gray2}{chapter.1}
\BOOKMARK [1][-]{section.1.1}{Introduction}{chapter.1}
\BOOKMARK [1][-]{section.1.2}{Background}{chapter.1}
\BOOKMARK [2][-]{subsection.1.2.1}{Streaming Data Access}{section.1.2}
\BOOKMARK [2][-]{subsection.1.2.2}{Ontology-based Data Access}{section.1.2}
\BOOKMARK [3][-]{section*.2}{R2O and ODEMapster}{subsection.1.2.2}
\BOOKMARK [2][-]{subsection.1.2.3}{Continuous Queries for RDF Streams}{section.1.2}
\BOOKMARK [3][-]{section*.3}{Streaming SPARQL.}{subsection.1.2.3}
\BOOKMARK [3][-]{section*.4}{C-SPARQL.}{subsection.1.2.3}
\BOOKMARK [1][-]{section.1.3}{Ontology-based Streaming Data Access}{chapter.1}
\BOOKMARK [1][-]{section.1.4}{Extensions Syntax}{chapter.1}
\BOOKMARK [2][-]{subsection.1.4.1}{Streaming Extensions to SPARQL}{section.1.4}
\BOOKMARK [2][-]{subsection.1.4.2}{Streaming Extensions to R2O}{section.1.4}
\BOOKMARK [1][-]{section.1.5}{Semantics of the Streaming Extensions}{chapter.1}
\BOOKMARK [2][-]{subsection.1.5.1}{SPARQLSTR Semantics}{section.1.5}
\BOOKMARK [2][-]{subsection.1.5.2}{Extended R2O\(S2O\) Semantics}{section.1.5}
\BOOKMARK [1][-]{section.1.6}{Implementation and Walkthrough}{chapter.1}
\BOOKMARK [1][-]{section.1.7}{Conclusions and Future Work}{chapter.1}
\BOOKMARK [2][-]{section*.5}{Acknowledgments}{section.1.7}
\BOOKMARK [1][-]{section*.6}{References}{chapter.1}
